Distributed System/GroupMessenger1/app/build/outputs/logs/manifest-merger-debug-report.txt
-- Merging decision tree log ---
manifest
ADDED from src/main/AndroidManifest.xml:2:1-30:12
	package
		ADDED from src/main/AndroidManifest.xml:3:5-56
		INJECTED from src/main/AndroidManifest.xml
		INJECTED from src/main/AndroidManifest.xml
	android:versionName
		ADDED from src/main/AndroidManifest.xml:5:5-30
		INJECTED from src/main/AndroidManifest.xml
		INJECTED from src/main/AndroidManifest.xml
	android:versionCode
		ADDED from src/main/AndroidManifest.xml:4:5-28
		INJECTED from src/main/AndroidManifest.xml
		INJECTED from src/main/AndroidManifest.xml
	xmlns:android
		ADDED from src/main/AndroidManifest.xml:2:11-69
uses-permission#android.permission.INTERNET
ADDED from src/main/AndroidManifest.xml:6:5-66
	android:name
		ADDED from src/main/AndroidManifest.xml:6:22-64
uses-permission#android.permission.READ_PHONE_STATE
ADDED from src/main/AndroidManifest.xml:7:5-74
	android:name
		ADDED from src/main/AndroidManifest.xml:7:22-72
application
ADDED from src/main/AndroidManifest.xml:8:5-28:19
MERGED from [com.google.android.gms:play-services-appindexing:8.4.0] AndroidManifest.xml:19:5-20
MERGED from [com.google.android.gms:play-services-basement:8.4.0] AndroidManifest.xml:20:5-24:19
MERGED from [com.android.support:support-v4:23.0.0] AndroidManifest.xml:22:5-20
	android:label
		ADDED from src/main/AndroidManifest.xml:11:9-41
	android:allowBackup
		ADDED from src/main/AndroidManifest.xml:9:9-35
	android:icon
		ADDED from src/main/AndroidManifest.xml:10:9-45
	android:theme
		ADDED from src/main/AndroidManifest.xml:12:9-40
activity#edu.buffalo.cse.cse486586.groupmessenger1.GroupMessengerActivity
ADDED from src/main/AndroidManifest.xml:13:9-21:20
	android:label
		ADDED from src/main/AndroidManifest.xml:15:13-45
	android:name
		ADDED from src/main/AndroidManifest.xml:14:13-92
intent-filter#android.intent.action.MAIN+android.intent.category.LAUNCHER
ADDED from src/main/AndroidManifest.xml:16:13-20:29
action#android.intent.action.MAIN
ADDED from src/main/AndroidManifest.xml:17:17-69
	android:name
		ADDED from src/main/AndroidManifest.xml:17:25-66
category#android.intent.category.LAUNCHER
ADDED from src/main/AndroidManifest.xml:19:17-77
	android:name
		ADDED from src/main/AndroidManifest.xml:19:27-74
provider#edu.buffalo.cse.cse486586.groupmessenger1.GroupMessengerProvider
ADDED from src/main/AndroidManifest.xml:22:9-23:88
	android:authorities
		ADDED from src/main/AndroidManifest.xml:23:13-85
	android:name
		ADDED from src/main/AndroidManifest.xml:22:19-98
meta-data#com.google.android.gms.version
ADDED from src/main/AndroidManifest.xml:25:9-27:69
MERGED from [com.google.android.gms:play-services-basement:8.4.0] AndroidManifest.xml:21:9-23:69
	android:value
		ADDED from src/main/AndroidManifest.xml:27:13-66
	android:name
		ADDED from src/main/AndroidManifest.xml:26:13-58
uses-sdk
INJECTED from src/main/AndroidManifest.xml reason: use-sdk injection requested
MERGED from [com.google.android.gms:play-services-appindexing:8.4.0] AndroidManifest.xml:18:5-42
MERGED from [com.google.android.gms:play-services-base:8.4.0] AndroidManifest.xml:18:5-42
MERGED from [com.google.android.gms:play-services-basement:8.4.0] AndroidManifest.xml:18:5-42
MERGED from [com.android.support:support-v4:23.0.0] AndroidManifest.xml:20:5-43
	android:targetSdkVersion
		INJECTED from src/main/AndroidManifest.xml
		INJECTED from src/main/AndroidManifest.xml
	android:minSdkVersion
		INJECTED from src/main/AndroidManifest.xml
		INJECTED from src/main/AndroidManifest.xml